<?xml version="1.0" encoding="UTF-8"?>
<!-- Generated by org.testng.reporters.JUnitReportReporter -->
<testsuite hostname="DESKTOP-P90RJ2G" failures="0" tests="2" name="AmazonPageTest.HomePageTest" time="18.346" errors="0" timestamp="2025-09-07T22:42:31 IST" skipped="0">
  <testcase classname="AmazonPageTest.HomePageTest" name="VerifyTitlePage" time="15.366"/>
  <system-out/>
  <testcase classname="AmazonPageTest.HomePageTest" name="navigateToSignUpPage" time="2.980"/>
  <system-out/>
</testsuite> <!-- AmazonPageTest.HomePageTest -->
