<?xml version="1.0" encoding="UTF-8"?>
<!-- Generated by org.testng.reporters.JUnitReportReporter -->
<testsuite hostname="DESKTOP-P90RJ2G" failures="0" tests="1" name="AmazonPageTest.SignUpPageTest" time="3.819" errors="0" timestamp="2025-08-14T23:03:28 IST" skipped="0">
  <testcase classname="AmazonPageTest.SignUpPageTest" name="LoginToWebsite" time="3.819"/>
  <system-out/>
</testsuite> <!-- AmazonPageTest.SignUpPageTest -->
