<?xml version="1.0" encoding="UTF-8"?>
<!-- Generated by org.testng.reporters.JUnitReportReporter -->
<testsuite hostname="DESKTOP-P90RJ2G" failures="0" tests="1" name="AmazonPageTest.SignUpPageTest" time="4.941" errors="0" timestamp="2025-09-07T22:42:31 IST" skipped="0">
  <testcase classname="AmazonPageTest.SignUpPageTest" name="LoginToWebsite" time="4.941"/>
  <system-out/>
</testsuite> <!-- AmazonPageTest.SignUpPageTest -->
