<?xml version="1.0" encoding="UTF-8"?>
<!-- Generated by org.testng.reporters.JUnitReportReporter -->
<testsuite hostname="DESKTOP-P90RJ2G" failures="0" tests="1" name="TestNgTest.HomePageTest" time="0.329" errors="0" timestamp="2025-07-24T21:16:30 IST" skipped="0">
  <testcase classname="TestNgTest.HomePageTest" name="VerifyTitlePage" time="0.329"/>
  <system-out/>
</testsuite> <!-- TestNgTest.HomePageTest -->
