<?xml version="1.0" encoding="UTF-8"?>
<!-- Generated by org.testng.reporters.JUnitReportReporter -->
<testsuite hostname="DESKTOP-P90RJ2G" failures="0" tests="2" name="AmazonPageTest.HomePageTest" time="8.448" errors="0" timestamp="2025-08-14T23:03:28 IST" skipped="0">
  <testcase classname="AmazonPageTest.HomePageTest" name="VerifyTitlePage" time="4.663"/>
  <system-out/>
  <testcase classname="AmazonPageTest.HomePageTest" name="navigateToSignUpPage" time="3.785"/>
  <system-out/>
</testsuite> <!-- AmazonPageTest.HomePageTest -->
